<?xml version="1.0" encoding="UTF-8"?>
<!-- Generated by org.testng.reporters.JUnitReportReporter -->
<testsuite skipped="0" hostname="LP1-AP-51827951" name="MyRunner.TestRunner" tests="1" failures="0" timestamp="08 Apr 2021 09:06:24 GMT" time="66.816" errors="0">
  <testcase name="feature" time="66.816" classname="MyRunner.TestRunner"/>
</testsuite> <!-- MyRunner.TestRunner -->
